<?xml version="1.0" encoding="UTF-8"?>
<!-- Generated by org.testng.reporters.JUnitReportReporter -->
<testsuite skipped="0" hostname="DESKTOP-KNCRCAG" name="Sassafras.NewTest" tests="1" failures="0" timestamp="24 Feb 2018 19:51:14 GMT" time="1.476" errors="0">
  <testcase name="mavenTest" time="1.476" classname="Sassafras.NewTest"/>
</testsuite> <!-- Sassafras.NewTest -->
